<?xml version="1.0" encoding="UTF-8"?>
<!-- Generated by org.testng.reporters.JUnitXMLReporter -->
<testsuite ignored="0" hostname="DESKTOP-QFCL18R" failures="0" tests="4" name="Default test" time="40.377" errors="0" timestamp="2022-07-26T23:56:33 IST">
  <testcase classname="TestCase.TestCase" name="multiplication" time="4.831"/>
  <testcase classname="TestCase.TestCase" name="division" time="4.678"/>
  <testcase classname="TestCase.TestCase" name="addition" time="6.628"/>
  <testcase classname="TestCase.TestCase" name="substraction" time="6.93"/>
</testsuite> <!-- Default test -->
