<?xml version="1.0" encoding="UTF-8"?>
<!-- Generated by org.testng.reporters.JUnitXMLReporter -->
<testsuite ignored="0" hostname="DESKTOP-QFCL18R" failures="0" tests="4" name="Default test" time="37.233" errors="0" timestamp="2022-07-25T23:44:52 IST">
  <testcase classname="TestCase.TestCase" name="multiplication" time="4.67"/>
  <testcase classname="TestCase.TestCase" name="division" time="4.888"/>
  <testcase classname="TestCase.TestCase" name="addition" time="6.62"/>
  <testcase classname="TestCase.TestCase" name="substraction" time="6.892"/>
</testsuite> <!-- Default test -->
