<?xml version="1.0" encoding="UTF-8"?>
<testng-results ignored="0" total="4" passed="4" failed="0" skipped="0">
  <reporter-output>
  </reporter-output>
  <suite started-at="2022-07-25T23:44:15 IST" name="Default suite" finished-at="2022-07-25T23:44:52 IST" duration-ms="37233">
    <groups>
    </groups>
    <test started-at="2022-07-25T23:44:15 IST" name="Default test" finished-at="2022-07-25T23:44:52 IST" duration-ms="37233">
      <class name="TestCase.TestCase">
        <test-method is-config="true" signature="init()[pri:0, instance:TestCase.TestCase@18d87d80]" started-at="2022-07-25T23:44:15 IST" name="init" finished-at="2022-07-25T23:44:20 IST" duration-ms="4588" status="PASS">
          <reporter-output>
          </reporter-output>
        </test-method> <!-- init -->
        <test-method signature="multiplication()[pri:1, instance:TestCase.TestCase@18d87d80]" started-at="2022-07-25T23:44:20 IST" name="multiplication" finished-at="2022-07-25T23:44:24 IST" duration-ms="4670" status="PASS">
          <reporter-output>
          </reporter-output>
        </test-method> <!-- multiplication -->
        <test-method is-config="true" signature="tearDown()[pri:0, instance:TestCase.TestCase@18d87d80]" started-at="2022-07-25T23:44:24 IST" name="tearDown" finished-at="2022-07-25T23:44:25 IST" duration-ms="106" status="PASS">
          <reporter-output>
          </reporter-output>
        </test-method> <!-- tearDown -->
        <test-method is-config="true" signature="init()[pri:0, instance:TestCase.TestCase@18d87d80]" started-at="2022-07-25T23:44:25 IST" name="init" finished-at="2022-07-25T23:44:28 IST" duration-ms="3140" status="PASS">
          <reporter-output>
          </reporter-output>
        </test-method> <!-- init -->
        <test-method signature="division()[pri:2, instance:TestCase.TestCase@18d87d80]" started-at="2022-07-25T23:44:28 IST" name="division" finished-at="2022-07-25T23:44:33 IST" duration-ms="4888" status="PASS">
          <reporter-output>
          </reporter-output>
        </test-method> <!-- division -->
        <test-method is-config="true" signature="tearDown()[pri:0, instance:TestCase.TestCase@18d87d80]" started-at="2022-07-25T23:44:33 IST" name="tearDown" finished-at="2022-07-25T23:44:33 IST" duration-ms="98" status="PASS">
          <reporter-output>
          </reporter-output>
        </test-method> <!-- tearDown -->
        <test-method is-config="true" signature="init()[pri:0, instance:TestCase.TestCase@18d87d80]" started-at="2022-07-25T23:44:33 IST" name="init" finished-at="2022-07-25T23:44:36 IST" duration-ms="3078" status="PASS">
          <reporter-output>
          </reporter-output>
        </test-method> <!-- init -->
        <test-method signature="addition()[pri:3, instance:TestCase.TestCase@18d87d80]" started-at="2022-07-25T23:44:36 IST" name="addition" finished-at="2022-07-25T23:44:42 IST" duration-ms="6620" status="PASS">
          <reporter-output>
          </reporter-output>
        </test-method> <!-- addition -->
        <test-method is-config="true" signature="tearDown()[pri:0, instance:TestCase.TestCase@18d87d80]" started-at="2022-07-25T23:44:42 IST" name="tearDown" finished-at="2022-07-25T23:44:42 IST" duration-ms="69" status="PASS">
          <reporter-output>
          </reporter-output>
        </test-method> <!-- tearDown -->
        <test-method is-config="true" signature="init()[pri:0, instance:TestCase.TestCase@18d87d80]" started-at="2022-07-25T23:44:42 IST" name="init" finished-at="2022-07-25T23:44:45 IST" duration-ms="2949" status="PASS">
          <reporter-output>
          </reporter-output>
        </test-method> <!-- init -->
        <test-method signature="substraction()[pri:4, instance:TestCase.TestCase@18d87d80]" started-at="2022-07-25T23:44:45 IST" name="substraction" finished-at="2022-07-25T23:44:52 IST" duration-ms="6892" status="PASS">
          <reporter-output>
          </reporter-output>
        </test-method> <!-- substraction -->
        <test-method is-config="true" signature="tearDown()[pri:0, instance:TestCase.TestCase@18d87d80]" started-at="2022-07-25T23:44:52 IST" name="tearDown" finished-at="2022-07-25T23:44:52 IST" duration-ms="92" status="PASS">
          <reporter-output>
          </reporter-output>
        </test-method> <!-- tearDown -->
      </class> <!-- TestCase.TestCase -->
    </test> <!-- Default test -->
  </suite> <!-- Default suite -->
</testng-results>
